

Version:	3.50
CmdLine:	D:\CondeDoc\Documents\NetBeansProjects\Personal\RegAccidentes.exe --l4j-debug
JNI:		No
WOW64:		Yes
Working dir:	D:\CondeDoc\Documents\NetBeansProjects\Personal\.
Requires JDK:	No
Requires 64-Bit: No
Java min ver:	
Java max ver:	
Substitute:	PWD = D:\CondeDoc\Documents\NetBeansProjects\Personal
Substitute:	JAVA_HOME = C:\Program Files\Java\jre1.8.0_321
Substitute:	PATH = C:\Program Files\Eclipse Adoptium\jdk-17.0.1.12-hotspot\bin;C:\Program Files (x86)\Common Files\Intel\Shared Libraries\redist\intel64\compiler;C:\Program Files (x86)\Common Files\Oracle\Java\javapath;C:\windows\system32;C:\windows;C:\windows\System32\Wbem;C:\windows\System32\WindowsPowerShell\v1.0\;C:\windows\System32\OpenSSH\;C:\Program Files (x86)\NVIDIA Corporation\PhysX\Common;C:\Program Files\NVIDIA Corporation\NVIDIA NvDLISR;C:\Program Files\Java\apache-maven-3.6.3\bin;C:\WINDOWS\system32;C:\WINDOWS;C:\WINDOWS\System32\Wbem;C:\WINDOWS\System32\WindowsPowerShell\v1.0\;C:\WINDOWS\System32\OpenSSH\;C:\Program Files\Git\cmd;C:\Program Files\Git\mingw64\bin;C:\Program Files\Git\usr\bin;C:\xampp\php;C:\ProgramData\ComposerSetup\bin;C:\Program Files\dotnet\;C:\Program Files (x86)\BaseX\bin;C:\Users\conde\AppData\Roaming\nvm;C:\Program Files\nodejs;C:\Program Files\AutoFirma\AutoFirma;C:\Program Files\Docker\Docker\resources\bin;C:\Program Files\Kubernetes\Minikube;C:\minikube;C:\Program Files\PuTTY\;C:\Program Files (x86)\Gpg4win\..\GnuPG\bin;C:\Program Files\GitHub CLI\;C:\Program Files (x86)\Windows Kits\10\Windows Performance Toolkit\;C:\Program Files\Java\jre1.8.0_321\bin;C:\Program Files\Java\apache-maven-3.6.3\bin;C:\Users\conde\AppData\Local\Programs\Python\Launcher\;D:\CondeDoc\anaconda3;D:\CondeDoc\anaconda3\Library\mingw-w64\bin;D:\CondeDoc\anaconda3\Library\usr\bin;D:\CondeDoc\anaconda3\Library\bin;D:\CondeDoc\anaconda3\Scripts;C:\Program Files\Neovim\bin;C:\Program Files\MySQL\MySQL Shell 8.0\bin\;C:\Users\conde\AppData\Local\Microsoft\WindowsApps;C:\Program Files\Java\jdk-13.0.1\bin;C:\Users\conde\AppData\Local\Microsoft\WindowsApps;C:\Users\conde\AppData\Local\Programs\Microsoft VS Code\bin;C:\XAMPP\php;C:\Program Files\Oracle\VirtualBox;C:\Users\conde\AppData\Roaming\Composer\vendor\bin;C:\Users\conde\.dotnet\tools;C:\Program Files\Java\jdk-17.0.1\bin;C:\Users\conde\AppData\Roaming\npm;C:\Users\conde\AppData\Roaming\nvm;C:\Program Files\nodejs;C:\Program Files\Microsoft Visual Studio\2022\Preview\VC\Tools\Llvm\x64\bin;;C:\Program Files\Java\jre1.8.0_321\bin
JRE paths:	D:\CondeDoc\Documents\NetBeansProjects\Personal\JRE1.8.0_231\bin ;C:\Program Files\Java\jre1.8.0_321;C:\Program Files\Eclipse Adoptium\jdk-17.0.1.12-hotspot\bin;C:\Program Files (x86)\Common Files\Intel\Shared Libraries\redist\intel64\compiler;C:\Program Files (x86)\Common Files\Oracle\Java\javapath;C:\windows\system32;C:\windows;C:\windows\System32\Wbem;C:\windows\System32\WindowsPowerShell\v1.0\;C:\windows\System32\OpenSSH\;C:\Program Files (x86)\NVIDIA Corporation\PhysX\Common;C:\Program Files\NVIDIA Corporation\NVIDIA NvDLISR;C:\Program Files\Java\apache-maven-3.6.3\bin;C:\WINDOWS\system32;C:\WINDOWS;C:\WINDOWS\System32\Wbem;C:\WINDOWS\System32\WindowsPowerShell\v1.0\;C:\WINDOWS\System32\OpenSSH\;C:\Program Files\Git\cmd;C:\Program Files\Git\mingw64\bin;C:\Program Files\Git\usr\bin;C:\xampp\php;C:\ProgramData\ComposerSetup\bin;C:\Program Files\dotnet\;C:\Program Files (x86)\BaseX\bin;C:\Users\conde\AppData\Roaming\nvm;C:\Program Files\nodejs;C:\Program Files\AutoFirma\AutoFirma;C:\Program Files\Docker\Docker\resources\bin;C:\Program Files\Kubernetes\Minikube;C:\minikube;C:\Program Files\PuTTY\;C:\Program Files (x86)\Gpg4win\..\GnuPG\bin;C:\Program Files\GitHub CLI\;C:\Program Files (x86)\Windows Kits\10\Windows Performance Toolkit\;C:\Program Files\Java\jre1.8.0_321\bin;C:\Program Files\Java\apache-maven-3.6.3\bin;C:\Users\conde\AppData\Local\Programs\Python\Launcher\;D:\CondeDoc\anaconda3;D:\CondeDoc\anaconda3\Library\mingw-w64\bin;D:\CondeDoc\anaconda3\Library\usr\bin;D:\CondeDoc\anaconda3\Library\bin;D:\CondeDoc\anaconda3\Scripts;C:\Program Files\Neovim\bin;C:\Program Files\MySQL\MySQL Shell 8.0\bin\;C:\Users\conde\AppData\Local\Microsoft\WindowsApps;C:\Program Files\Java\jdk-13.0.1\bin;C:\Users\conde\AppData\Local\Microsoft\WindowsApps;C:\Users\conde\AppData\Local\Programs\Microsoft VS Code\bin;C:\XAMPP\php;C:\Program Files\Oracle\VirtualBox;C:\Users\conde\AppData\Roaming\Composer\vendor\bin;C:\Users\conde\.dotnet\tools;C:\Program Files\Java\jdk-17.0.1\bin;C:\Users\conde\AppData\Roaming\npm;C:\Users\conde\AppData\Roaming\nvm;C:\Program Files\nodejs;C:\Program Files\Microsoft Visual Studio\2022\Preview\VC\Tools\Llvm\x64\bin;;C:\Program Files\Java\jre1.8.0_321\bin
Check launcher:	D:\CondeDoc\Documents\NetBeansProjects\Personal\JRE1.8.0_231\bin \bin\javaw.exe (not found)
Check launcher:	C:\Program Files\Java\jre1.8.0_321\bin\javaw.exe (OK)
Version string: 1.008.000_321 / 64-Bit (OK)
Launcher:	C:\Program Files\Java\jre1.8.0_321\bin\javaw.exe
Launcher args:	-jar "D:\CondeDoc\Documents\NetBeansProjects\Personal\RegAccidentes.exe"
Args length:	72/32768 chars
Exit code:	0
