

Version:	3.50
CmdLine:	D:\CondeDoc\Documents\NetBeansProjects\Personal\exe\RegAccidentesCota.exe --l4j-debug
JNI:		No
WOW64:		Yes
Working dir:	D:\CondeDoc\Documents\NetBeansProjects\Personal\exe\.
Requires JDK:	No
Requires 64-Bit: No
Java min ver:	1.008.000
Java max ver:	
JRE paths:	C:\Program Files\Java\jre1.8.0_321
Check launcher:	C:\Program Files\Java\jre1.8.0_321\bin\javaw.exe (OK)
Version string: 1.008.000_321 / 64-Bit (OK)
Launcher:	C:\Program Files\Java\jre1.8.0_321\bin\javaw.exe
Launcher args:	-jar "D:\CondeDoc\Documents\NetBeansProjects\Personal\exe\RegAccidentesCota.exe"
Args length:	80/32768 chars
Exit code:	0


Version:	3.50
CmdLine:	D:\CondeDoc\Documents\NetBeansProjects\Personal\exe\RegAccidentesCota.exe --l4j-debug
JNI:		No
WOW64:		Yes
Working dir:	D:\CondeDoc\Documents\NetBeansProjects\Personal\exe\.
Requires JDK:	No
Requires 64-Bit: No
Java min ver:	1.008.000
Java max ver:	
JRE paths:	C:\Program Files\Java\jre1.8.0_321
Check launcher:	C:\Program Files\Java\jre1.8.0_321\bin\javaw.exe (OK)
Version string: 1.008.000_321 / 64-Bit (OK)
Main class:	com.conde.main.Main
Add classpath:	lib\AbsoluteLayout.jar
Add classpath:	lib\commons-lang3-3.8.1.jar
Add classpath:	lib\commons-logging-1.2.jar
Add classpath:	lib\hsqldb-2.5.0.jar
Add classpath:	lib\itext5-itextpdf-5.5.12.jar
Add classpath:	lib\jackcess-3.0.1.jar
Add classpath:	lib\ucanaccess-5.0.0.jar
Launcher:	C:\Program Files\Java\jre1.8.0_321\bin\javaw.exe
Launcher args:	-classpath "D:\CondeDoc\Documents\NetBeansProjects\Personal\exe\RegAccidentesCota.exe;lib\AbsoluteLayout.jar;lib\commons-lang3-3.8.1.jar;lib\commons-logging-1.2.jar;lib\hsqldb-2.5.0.jar;lib\itext5-itextpdf-5.5.12.jar;lib\jackcess-3.0.1.jar;lib\ucanaccess-5.0.0.jar" com.conde.main.Main
Args length:	285/32768 chars
Exit code:	0
